{"logTime": "0807/063627", "correlationVector":"hRE14rzuOI0jy9wDg8HXTd.1","action":"SyncServerConnectionManagerRequest", "result":"SYNC_SERVER_OK", "context":{"environment":"Prod_centralus_prod-s01-068-nam-centralus", "migrationStage":"NotStarted", "server":"akswtt10000001r"}}
{"logTime": "0807/063627", "correlationVector":"hRE14rzuOI0jy9wDg8HXTd.2","action":"ProcessGetUpdates", "result":"Done", "context":{"dataType":"Encryption Keys", "deleted":"0", "process_failed_to_decrypt":"0", "process_pending_decryption":"0", "process_success":"1", "total":"1"}}
{"logTime": "0807/063627", "correlationVector":"D7Cm/sQG3v9Jf119vJdOTF","action":"SyncServerConnectionManagerRequest", "result":"SYNC_SERVER_OK", "context":{"environment":"", "migrationStage":"", "server":""}}
{"logTime": "0807/063627", "correlationVector":"D7Cm/sQG3v9Jf119vJdOTF.0","action":"EncryptionKeysFetcher.DownloadKeys:", "result":"Success", "context":Key count: 2, Last key timestamp: 2025-06-09T19:24:20Z}
{"logTime": "0807/063627", "correlationVector":"D7Cm/sQG3v9Jf119vJdOTF.1","action":"EncryptionKeysManager::SetEncryptionKeys:", "result":"Success", "context":Key names[2]:[LaEHxYz4LWWSNB74A0N1rtlXbu3Yc3luqy8qYsOc9ycN//fcFWwkFMuQuiHI6cF/36RWN/DvtGyEGa4LcbTESw==][QPr7SbTCl7Xl9HxGq/pc/fwp6n3xuvMKEnP+GSdXRBVKY16MSAW0xdkEcU5ZEpglWzRc4zsJLubjpO1ZHt0UnQ==]}
{"logTime": "0807/063627", "correlationVector":"D7Cm/sQG3v9Jf119vJdOTF.2","action":"EncryptionKeysManager::SetEncryptionKeysWithTimestamps:", "result":"Success", "context":Key timestamps[2]:[2023-10-28T09:10:18Z][2025-06-09T19:24:20Z]}
{"logTime": "0807/063627", "correlationVector":"hRE14rzuOI0jy9wDg8HXTd","action":"Initial GetUpdates", "result":"", "context":Reason: NEW_CLIENT. cV=hRE14rzuOI0jy9wDg8HXTd}
{"logTime": "0807/063627", "correlationVector":"hRE14rzuOI0jy9wDg8HXTd.3","action":"GetUpdates Response", "result":"Success", "context":Received 1 update(s). cV=hRE14rzuOI0jy9wDg8HXTd.0;server=akswtt10000001r;cloudType=Consumer;environment=Prod_centralus_prod-s01-068-nam-centralus;migrationStage=NotStarted}
{"logTime": "0807/063627", "correlationVector":"5enB7f/n0Y4Uc06awu1m0d","action":"Initial GetUpdates", "result":"", "context":Reason: NEWLY_SUPPORTED_DATATYPE. cV=5enB7f/n0Y4Uc06awu1m0d}
{"logTime": "0807/063628", "correlationVector":"5enB7f/n0Y4Uc06awu1m0d.1","action":"SyncServerConnectionManagerRequest", "result":"SYNC_SERVER_OK", "context":{"environment":"Prod_centralus_prod-s01-068-nam-centralus", "migrationStage":"NotStarted", "server":"akswtt10000000d"}}
{"logTime": "0807/063628", "correlationVector":"5enB7f/n0Y4Uc06awu1m0d.2","action":"ProcessGetUpdates", "result":"Done", "context":{"dataType":"Preferences", "deleted":"1", "process_failed_to_decrypt":"0", "process_pending_decryption":"0", "process_success":"87", "total":"87"}}
{"logTime": "0807/063628", "correlationVector":"5enB7f/n0Y4Uc06awu1m0d.3","action":"ProcessGetUpdates", "result":"Done", "context":{"dataType":"Passwords", "deleted":"2", "process_failed_to_decrypt":"0", "process_pending_decryption":"0", "process_success":"150", "total":"150"}}
{"logTime": "0807/063628", "correlationVector":"5enB7f/n0Y4Uc06awu1m0d.4","action":"ProcessGetUpdates", "result":"Done", "context":{"dataType":"Device Info", "deleted":"0", "process_failed_to_decrypt":"0", "process_pending_decryption":"0", "process_success":"4", "total":"4"}}
{"logTime": "0807/063628", "correlationVector":"5enB7f/n0Y4Uc06awu1m0d.5","action":"GetUpdates Response", "result":"Success", "context":Received 241 update(s). cV=5enB7f/n0Y4Uc06awu1m0d.0;server=akswtt10000000d;cloudType=Consumer;environment=Prod_centralus_prod-s01-068-nam-centralus;migrationStage=NotStarted}
{"logTime": "0807/063628", "correlationVector":"FqwFgKAsZ765mJLliAK7QZ","action":"Initial GetUpdates", "result":"", "context":Reason: NEWLY_SUPPORTED_DATATYPE. cV=FqwFgKAsZ765mJLliAK7QZ}
{"logTime": "0807/063628", "correlationVector":"FqwFgKAsZ765mJLliAK7QZ.1","action":"SyncServerConnectionManagerRequest", "result":"SYNC_SERVER_OK", "context":{"environment":"Prod_centralus_prod-s01-068-nam-centralus", "migrationStage":"NotStarted", "server":"akswtt10000001l"}}
{"logTime": "0807/063628", "correlationVector":"FqwFgKAsZ765mJLliAK7QZ.2","action":"ProcessGetUpdates", "result":"Done", "context":{"dataType":"Bookmarks", "deleted":"0", "process_failed_to_decrypt":"0", "process_pending_decryption":"0", "process_success":"14", "total":"14"}}
{"logTime": "0807/063628", "correlationVector":"FqwFgKAsZ765mJLliAK7QZ.3","action":"GetUpdates Response", "result":"Success", "context":Received 14 update(s). cV=FqwFgKAsZ765mJLliAK7QZ.0;server=akswtt10000001l;cloudType=Consumer;environment=Prod_centralus_prod-s01-068-nam-centralus;migrationStage=NotStarted}
{"logTime": "0807/063628", "correlationVector":"dtYhF8bT13rLgX1SgrReOZ","action":"Initial GetUpdates", "result":"", "context":Reason: NEWLY_SUPPORTED_DATATYPE. cV=dtYhF8bT13rLgX1SgrReOZ}
{"logTime": "0807/063629", "correlationVector":"dtYhF8bT13rLgX1SgrReOZ.1","action":"SyncServerConnectionManagerRequest", "result":"SYNC_SERVER_OK", "context":{"environment":"Prod_centralus_prod-s01-068-nam-centralus", "migrationStage":"NotStarted", "server":"akswtt10000000d"}}
{"logTime": "0807/063629", "correlationVector":"dtYhF8bT13rLgX1SgrReOZ.2","action":"ProcessGetUpdates", "result":"Done", "context":{"dataType":"Autofill Profiles", "deleted":"0", "process_failed_to_decrypt":"0", "process_pending_decryption":"0", "process_success":"93", "total":"93"}}
{"logTime": "0807/063629", "correlationVector":"dtYhF8bT13rLgX1SgrReOZ.3","action":"ProcessGetUpdates", "result":"Done", "context":{"dataType":"Autofill", "deleted":"0", "process_failed_to_decrypt":"0", "process_pending_decryption":"0", "process_success":"156", "total":"156"}}
{"logTime": "0807/063629", "correlationVector":"dtYhF8bT13rLgX1SgrReOZ.4","action":"ProcessGetUpdates", "result":"Done", "context":{"dataType":"Web Apps", "deleted":"0", "process_failed_to_decrypt":"0", "process_pending_decryption":"0", "process_success":"1", "total":"1"}}
{"logTime": "0807/063629", "correlationVector":"dtYhF8bT13rLgX1SgrReOZ.5","action":"GetUpdates Response", "result":"Success", "context":Received 250 update(s). cV=dtYhF8bT13rLgX1SgrReOZ.0;server=akswtt10000000d;cloudType=Consumer;environment=Prod_centralus_prod-s01-068-nam-centralus;migrationStage=NotStarted Some updates remain.}
{"logTime": "0807/063629", "correlationVector":"RFhWOrbv0nspOVgxRyzi3Q","action":"Initial GetUpdates", "result":"", "context":Reason: NEWLY_SUPPORTED_DATATYPE. cV=RFhWOrbv0nspOVgxRyzi3Q}
{"logTime": "0807/063629", "correlationVector":"RFhWOrbv0nspOVgxRyzi3Q.1","action":"SyncServerConnectionManagerRequest", "result":"SYNC_SERVER_OK", "context":{"environment":"Prod_centralus_prod-s01-068-nam-centralus", "migrationStage":"NotStarted", "server":"akswtt10000003y"}}
{"logTime": "0807/063629", "correlationVector":"RFhWOrbv0nspOVgxRyzi3Q.2","action":"ProcessGetUpdates", "result":"Done", "context":{"dataType":"Autofill", "deleted":"0", "process_failed_to_decrypt":"0", "process_pending_decryption":"0", "process_success":"250", "total":"250"}}
{"logTime": "0807/063629", "correlationVector":"RFhWOrbv0nspOVgxRyzi3Q.3","action":"GetUpdates Response", "result":"Success", "context":Received 250 update(s). cV=RFhWOrbv0nspOVgxRyzi3Q.0;server=akswtt10000003y;cloudType=Consumer;environment=Prod_centralus_prod-s01-068-nam-centralus;migrationStage=NotStarted Some updates remain.}
{"logTime": "0807/063629", "correlationVector":"61+O+gsbY/BYZO/ELtECCc","action":"Initial GetUpdates", "result":"", "context":Reason: NEWLY_SUPPORTED_DATATYPE. cV=61+O+gsbY/BYZO/ELtECCc}
{"logTime": "0807/063630", "correlationVector":"61+O+gsbY/BYZO/ELtECCc.1","action":"SyncServerConnectionManagerRequest", "result":"SYNC_SERVER_OK", "context":{"environment":"Prod_centralus_prod-s01-068-nam-centralus", "migrationStage":"NotStarted", "server":"akswtt100000015"}}
{"logTime": "0807/063630", "correlationVector":"61+O+gsbY/BYZO/ELtECCc.2","action":"ProcessGetUpdates", "result":"Done", "context":{"dataType":"Autofill", "deleted":"0", "process_failed_to_decrypt":"0", "process_pending_decryption":"0", "process_success":"250", "total":"250"}}
{"logTime": "0807/063630", "correlationVector":"61+O+gsbY/BYZO/ELtECCc.3","action":"GetUpdates Response", "result":"Success", "context":Received 250 update(s). cV=61+O+gsbY/BYZO/ELtECCc.0;server=akswtt100000015;cloudType=Consumer;environment=Prod_centralus_prod-s01-068-nam-centralus;migrationStage=NotStarted Some updates remain.}
{"logTime": "0807/063630", "correlationVector":"0XbsSb9nGyjZr1gS+xR6Vd","action":"Initial GetUpdates", "result":"", "context":Reason: NEWLY_SUPPORTED_DATATYPE. cV=0XbsSb9nGyjZr1gS+xR6Vd}
{"logTime": "0807/063631", "correlationVector":"0XbsSb9nGyjZr1gS+xR6Vd.1","action":"SyncServerConnectionManagerRequest", "result":"SYNC_SERVER_OK", "context":{"environment":"Prod_centralus_prod-s01-068-nam-centralus", "migrationStage":"NotStarted", "server":"akswtt10000001c"}}
{"logTime": "0807/063631", "correlationVector":"0XbsSb9nGyjZr1gS+xR6Vd.2","action":"ProcessGetUpdates", "result":"Done", "context":{"dataType":"Autofill", "deleted":"0", "process_failed_to_decrypt":"0", "process_pending_decryption":"0", "process_success":"250", "total":"250"}}
{"logTime": "0807/063631", "correlationVector":"0XbsSb9nGyjZr1gS+xR6Vd.3","action":"GetUpdates Response", "result":"Success", "context":Received 250 update(s). cV=0XbsSb9nGyjZr1gS+xR6Vd.0;server=akswtt10000001c;cloudType=Consumer;environment=Prod_centralus_prod-s01-068-nam-centralus;migrationStage=NotStarted Some updates remain.}
{"logTime": "0807/063631", "correlationVector":"3DvrbEuCcPmGJTtH0ghajD","action":"Initial GetUpdates", "result":"", "context":Reason: NEWLY_SUPPORTED_DATATYPE. cV=3DvrbEuCcPmGJTtH0ghajD}
{"logTime": "0807/063631", "correlationVector":"3DvrbEuCcPmGJTtH0ghajD.1","action":"SyncServerConnectionManagerRequest", "result":"SYNC_SERVER_OK", "context":{"environment":"Prod_centralus_prod-s01-068-nam-centralus", "migrationStage":"NotStarted", "server":"akswtt10000000u"}}
{"logTime": "0807/063631", "correlationVector":"3DvrbEuCcPmGJTtH0ghajD.2","action":"ProcessGetUpdates", "result":"Done", "context":{"dataType":"Autofill Profiles", "deleted":"46", "process_failed_to_decrypt":"0", "process_pending_decryption":"0", "process_success":"51", "total":"51"}}
{"logTime": "0807/063631", "correlationVector":"3DvrbEuCcPmGJTtH0ghajD.3","action":"ProcessGetUpdates", "result":"Done", "context":{"dataType":"Autofill", "deleted":"0", "process_failed_to_decrypt":"0", "process_pending_decryption":"0", "process_success":"91", "total":"91"}}
{"logTime": "0807/063631", "correlationVector":"3DvrbEuCcPmGJTtH0ghajD.4","action":"ProcessGetUpdates", "result":"Done", "context":{"dataType":"Extensions", "deleted":"0", "process_failed_to_decrypt":"0", "process_pending_decryption":"0", "process_success":"4", "total":"4"}}
{"logTime": "0807/063631", "correlationVector":"3DvrbEuCcPmGJTtH0ghajD.5","action":"ProcessGetUpdates", "result":"Done", "context":{"dataType":"Sessions", "deleted":"104", "process_failed_to_decrypt":"0", "process_pending_decryption":"0", "process_success":"104", "total":"104"}}
{"logTime": "0807/063631", "correlationVector":"3DvrbEuCcPmGJTtH0ghajD.6","action":"GetUpdates Response", "result":"Success", "context":Received 250 update(s). cV=3DvrbEuCcPmGJTtH0ghajD.0;server=akswtt10000000u;cloudType=Consumer;environment=Prod_centralus_prod-s01-068-nam-centralus;migrationStage=NotStarted Some updates remain.}
{"logTime": "0807/063631", "correlationVector":"liIpuFtz2Vull2OpY/7SVg","action":"Initial GetUpdates", "result":"", "context":Reason: NEWLY_SUPPORTED_DATATYPE. cV=liIpuFtz2Vull2OpY/7SVg}
{"logTime": "0807/063631", "correlationVector":"liIpuFtz2Vull2OpY/7SVg.1","action":"SyncServerConnectionManagerRequest", "result":"SYNC_SERVER_OK", "context":{"environment":"Prod_centralus_prod-s01-068-nam-centralus", "migrationStage":"NotStarted", "server":"akswtt10000000g"}}
{"logTime": "0807/063631", "correlationVector":"liIpuFtz2Vull2OpY/7SVg.2","action":"ProcessGetUpdates", "result":"Done", "context":{"dataType":"Autofill Profiles", "deleted":"0", "process_failed_to_decrypt":"0", "process_pending_decryption":"0", "process_success":"10", "total":"10"}}
{"logTime": "0807/063631", "correlationVector":"liIpuFtz2Vull2OpY/7SVg.3","action":"ProcessGetUpdates", "result":"Done", "context":{"dataType":"Autofill", "deleted":"0", "process_failed_to_decrypt":"0", "process_pending_decryption":"0", "process_success":"54", "total":"54"}}
{"logTime": "0807/063631", "correlationVector":"liIpuFtz2Vull2OpY/7SVg.4","action":"ProcessGetUpdates", "result":"Done", "context":{"dataType":"Sessions", "deleted":"110", "process_failed_to_decrypt":"0", "process_pending_decryption":"0", "process_success":"114", "total":"114"}}
{"logTime": "0807/063631", "correlationVector":"liIpuFtz2Vull2OpY/7SVg.5","action":"ProcessGetUpdates", "result":"Done", "context":{"dataType":"Edge Hub App Usage", "deleted":"0", "process_failed_to_decrypt":"0", "process_pending_decryption":"0", "process_success":"5", "total":"5"}}
{"logTime": "0807/063631", "correlationVector":"liIpuFtz2Vull2OpY/7SVg.6","action":"GetUpdates Response", "result":"Success", "context":Received 183 update(s). cV=liIpuFtz2Vull2OpY/7SVg.0;server=akswtt10000000g;cloudType=Consumer;environment=Prod_centralus_prod-s01-068-nam-centralus;migrationStage=NotStarted}
{"logTime": "0807/063631", "correlationVector":"dalaWlYWI5gQvwAoVLqsS6","action":"Initial GetUpdates", "result":"", "context":Reason: NEWLY_SUPPORTED_DATATYPE. cV=dalaWlYWI5gQvwAoVLqsS6}
{"logTime": "0807/063632", "correlationVector":"dalaWlYWI5gQvwAoVLqsS6.1","action":"SyncServerConnectionManagerRequest", "result":"SYNC_SERVER_OK", "context":{"environment":"Prod_centralus_prod-s01-068-nam-centralus", "migrationStage":"NotStarted", "server":"akswtt10000000t"}}
{"logTime": "0807/063632", "correlationVector":"dalaWlYWI5gQvwAoVLqsS6.2","action":"ProcessGetUpdates", "result":"Done", "context":{"dataType":"History", "deleted":"0", "process_failed_to_decrypt":"0", "process_pending_decryption":"0", "process_success":"250", "total":"250"}}
{"logTime": "0807/063632", "correlationVector":"dalaWlYWI5gQvwAoVLqsS6.3","action":"GetUpdates Response", "result":"Success", "context":Received 250 update(s). cV=dalaWlYWI5gQvwAoVLqsS6.0;server=akswtt10000000t;cloudType=Consumer;environment=Prod_centralus_prod-s01-068-nam-centralus;migrationStage=NotStarted Some updates remain.}
{"logTime": "0807/063632", "correlationVector":"pnBoQUZ1jLESG82ksuDhiJ","action":"Initial GetUpdates", "result":"", "context":Reason: NEWLY_SUPPORTED_DATATYPE. cV=pnBoQUZ1jLESG82ksuDhiJ}
{"logTime": "0807/063633", "correlationVector":"pnBoQUZ1jLESG82ksuDhiJ.1","action":"SyncServerConnectionManagerRequest", "result":"SYNC_SERVER_OK", "context":{"environment":"Prod_centralus_prod-s01-068-nam-centralus", "migrationStage":"NotStarted", "server":"akswtt100000053"}}
{"logTime": "0807/063633", "correlationVector":"pnBoQUZ1jLESG82ksuDhiJ.2","action":"ProcessGetUpdates", "result":"Done", "context":{"dataType":"History", "deleted":"0", "process_failed_to_decrypt":"0", "process_pending_decryption":"0", "process_success":"250", "total":"250"}}
{"logTime": "0807/063633", "correlationVector":"pnBoQUZ1jLESG82ksuDhiJ.3","action":"GetUpdates Response", "result":"Success", "context":Received 250 update(s). cV=pnBoQUZ1jLESG82ksuDhiJ.0;server=akswtt100000053;cloudType=Consumer;environment=Prod_centralus_prod-s01-068-nam-centralus;migrationStage=NotStarted Some updates remain.}
{"logTime": "0807/063633", "correlationVector":"CmPS+Pl7cjW0f//gJzrGys","action":"Initial GetUpdates", "result":"", "context":Reason: NEWLY_SUPPORTED_DATATYPE. cV=CmPS+Pl7cjW0f//gJzrGys}
{"logTime": "0807/063633", "correlationVector":"CmPS+Pl7cjW0f//gJzrGys.1","action":"SyncServerConnectionManagerRequest", "result":"SYNC_SERVER_OK", "context":{"environment":"Prod_centralus_prod-s01-068-nam-centralus", "migrationStage":"NotStarted", "server":"akswtt10000000g"}}
{"logTime": "0807/063633", "correlationVector":"CmPS+Pl7cjW0f//gJzrGys.2","action":"ProcessGetUpdates", "result":"Done", "context":{"dataType":"History", "deleted":"0", "process_failed_to_decrypt":"0", "process_pending_decryption":"0", "process_success":"250", "total":"250"}}
{"logTime": "0807/063633", "correlationVector":"CmPS+Pl7cjW0f//gJzrGys.3","action":"GetUpdates Response", "result":"Success", "context":Received 250 update(s). cV=CmPS+Pl7cjW0f//gJzrGys.0;server=akswtt10000000g;cloudType=Consumer;environment=Prod_centralus_prod-s01-068-nam-centralus;migrationStage=NotStarted Some updates remain.}
{"logTime": "0807/063633", "correlationVector":"Tmi8IQE9kz5Uq5TtsSTqYY","action":"Initial GetUpdates", "result":"", "context":Reason: NEWLY_SUPPORTED_DATATYPE. cV=Tmi8IQE9kz5Uq5TtsSTqYY}
{"logTime": "0807/063634", "correlationVector":"Tmi8IQE9kz5Uq5TtsSTqYY.1","action":"SyncServerConnectionManagerRequest", "result":"SYNC_SERVER_OK", "context":{"environment":"Prod_centralus_prod-s01-068-nam-centralus", "migrationStage":"NotStarted", "server":"akswtt10000000t"}}
{"logTime": "0807/063634", "correlationVector":"Tmi8IQE9kz5Uq5TtsSTqYY.2","action":"ProcessGetUpdates", "result":"Done", "context":{"dataType":"History", "deleted":"0", "process_failed_to_decrypt":"0", "process_pending_decryption":"0", "process_success":"250", "total":"250"}}
{"logTime": "0807/063634", "correlationVector":"Tmi8IQE9kz5Uq5TtsSTqYY.3","action":"GetUpdates Response", "result":"Success", "context":Received 250 update(s). cV=Tmi8IQE9kz5Uq5TtsSTqYY.0;server=akswtt10000000t;cloudType=Consumer;environment=Prod_centralus_prod-s01-068-nam-centralus;migrationStage=NotStarted Some updates remain.}
{"logTime": "0807/063634", "correlationVector":"v07pinA6yQb2gcNza/Tc66","action":"Initial GetUpdates", "result":"", "context":Reason: NEWLY_SUPPORTED_DATATYPE. cV=v07pinA6yQb2gcNza/Tc66}
{"logTime": "0807/063634", "correlationVector":"v07pinA6yQb2gcNza/Tc66.1","action":"SyncServerConnectionManagerRequest", "result":"SYNC_SERVER_OK", "context":{"environment":"Prod_centralus_prod-s01-068-nam-centralus", "migrationStage":"NotStarted", "server":"akswtt10000004i"}}
{"logTime": "0807/063634", "correlationVector":"v07pinA6yQb2gcNza/Tc66.2","action":"ProcessGetUpdates", "result":"Done", "context":{"dataType":"History", "deleted":"0", "process_failed_to_decrypt":"0", "process_pending_decryption":"0", "process_success":"250", "total":"250"}}
{"logTime": "0807/063634", "correlationVector":"v07pinA6yQb2gcNza/Tc66.3","action":"GetUpdates Response", "result":"Success", "context":Received 250 update(s). cV=v07pinA6yQb2gcNza/Tc66.0;server=akswtt10000004i;cloudType=Consumer;environment=Prod_centralus_prod-s01-068-nam-centralus;migrationStage=NotStarted Some updates remain.}
{"logTime": "0807/063634", "correlationVector":"yumh7ZSnlTSb6YjvJjdPlg","action":"Initial GetUpdates", "result":"", "context":Reason: NEWLY_SUPPORTED_DATATYPE. cV=yumh7ZSnlTSb6YjvJjdPlg}
{"logTime": "0807/063635", "correlationVector":"yumh7ZSnlTSb6YjvJjdPlg.1","action":"SyncServerConnectionManagerRequest", "result":"SYNC_SERVER_OK", "context":{"environment":"Prod_centralus_prod-s01-068-nam-centralus", "migrationStage":"NotStarted", "server":"akswtt100000001"}}
{"logTime": "0807/063635", "correlationVector":"yumh7ZSnlTSb6YjvJjdPlg.2","action":"ProcessGetUpdates", "result":"Done", "context":{"dataType":"History", "deleted":"0", "process_failed_to_decrypt":"0", "process_pending_decryption":"0", "process_success":"250", "total":"250"}}
{"logTime": "0807/063635", "correlationVector":"yumh7ZSnlTSb6YjvJjdPlg.3","action":"GetUpdates Response", "result":"Success", "context":Received 250 update(s). cV=yumh7ZSnlTSb6YjvJjdPlg.0;server=akswtt100000001;cloudType=Consumer;environment=Prod_centralus_prod-s01-068-nam-centralus;migrationStage=NotStarted Some updates remain.}
{"logTime": "0807/063635", "correlationVector":"UV39DYJeykI0qd4D5hfjzt","action":"Initial GetUpdates", "result":"", "context":Reason: NEWLY_SUPPORTED_DATATYPE. cV=UV39DYJeykI0qd4D5hfjzt}
{"logTime": "0807/063636", "correlationVector":"UV39DYJeykI0qd4D5hfjzt.1","action":"SyncServerConnectionManagerRequest", "result":"SYNC_SERVER_OK", "context":{"environment":"Prod_centralus_prod-s01-068-nam-centralus", "migrationStage":"NotStarted", "server":"akswtt10000000u"}}
{"logTime": "0807/063636", "correlationVector":"UV39DYJeykI0qd4D5hfjzt.2","action":"ProcessGetUpdates", "result":"Done", "context":{"dataType":"History", "deleted":"0", "process_failed_to_decrypt":"0", "process_pending_decryption":"0", "process_success":"250", "total":"250"}}
{"logTime": "0807/063636", "correlationVector":"UV39DYJeykI0qd4D5hfjzt.3","action":"GetUpdates Response", "result":"Success", "context":Received 250 update(s). cV=UV39DYJeykI0qd4D5hfjzt.0;server=akswtt10000000u;cloudType=Consumer;environment=Prod_centralus_prod-s01-068-nam-centralus;migrationStage=NotStarted Some updates remain.}
{"logTime": "0807/063636", "correlationVector":"eNIGJ+RnYO3eHDs0u5c/Iz","action":"Initial GetUpdates", "result":"", "context":Reason: NEWLY_SUPPORTED_DATATYPE. cV=eNIGJ+RnYO3eHDs0u5c/Iz}
{"logTime": "0807/063636", "correlationVector":"eNIGJ+RnYO3eHDs0u5c/Iz.1","action":"SyncServerConnectionManagerRequest", "result":"SYNC_SERVER_OK", "context":{"environment":"Prod_centralus_prod-s01-068-nam-centralus", "migrationStage":"NotStarted", "server":"akswtt100000046"}}
{"logTime": "0807/063636", "correlationVector":"eNIGJ+RnYO3eHDs0u5c/Iz.2","action":"ProcessGetUpdates", "result":"Done", "context":{"dataType":"History", "deleted":"0", "process_failed_to_decrypt":"0", "process_pending_decryption":"0", "process_success":"250", "total":"250"}}
{"logTime": "0807/063636", "correlationVector":"eNIGJ+RnYO3eHDs0u5c/Iz.3","action":"GetUpdates Response", "result":"Success", "context":Received 250 update(s). cV=eNIGJ+RnYO3eHDs0u5c/Iz.0;server=akswtt100000046;cloudType=Consumer;environment=Prod_centralus_prod-s01-068-nam-centralus;migrationStage=NotStarted Some updates remain.}
{"logTime": "0807/063636", "correlationVector":"E6a5+lLFhqLoRgas6qqxBi","action":"Initial GetUpdates", "result":"", "context":Reason: NEWLY_SUPPORTED_DATATYPE. cV=E6a5+lLFhqLoRgas6qqxBi}
{"logTime": "0807/063637", "correlationVector":"E6a5+lLFhqLoRgas6qqxBi.1","action":"SyncServerConnectionManagerRequest", "result":"SYNC_SERVER_OK", "context":{"environment":"Prod_centralus_prod-s01-068-nam-centralus", "migrationStage":"NotStarted", "server":"akswtt10000000u"}}
{"logTime": "0807/063637", "correlationVector":"E6a5+lLFhqLoRgas6qqxBi.2","action":"ProcessGetUpdates", "result":"Done", "context":{"dataType":"History", "deleted":"0", "process_failed_to_decrypt":"0", "process_pending_decryption":"0", "process_success":"250", "total":"250"}}
{"logTime": "0807/063637", "correlationVector":"E6a5+lLFhqLoRgas6qqxBi.3","action":"GetUpdates Response", "result":"Success", "context":Received 250 update(s). cV=E6a5+lLFhqLoRgas6qqxBi.0;server=akswtt10000000u;cloudType=Consumer;environment=Prod_centralus_prod-s01-068-nam-centralus;migrationStage=NotStarted Some updates remain.}
{"logTime": "0807/063637", "correlationVector":"oO6ziQH91d3Ni9wYKXHFTY","action":"Initial GetUpdates", "result":"", "context":Reason: NEWLY_SUPPORTED_DATATYPE. cV=oO6ziQH91d3Ni9wYKXHFTY}
{"logTime": "0807/063637", "correlationVector":"oO6ziQH91d3Ni9wYKXHFTY.1","action":"SyncServerConnectionManagerRequest", "result":"SYNC_SERVER_OK", "context":{"environment":"Prod_centralus_prod-s01-068-nam-centralus", "migrationStage":"NotStarted", "server":"akswtt100000046"}}
{"logTime": "0807/063637", "correlationVector":"oO6ziQH91d3Ni9wYKXHFTY.2","action":"ProcessGetUpdates", "result":"Done", "context":{"dataType":"History", "deleted":"0", "process_failed_to_decrypt":"0", "process_pending_decryption":"0", "process_success":"250", "total":"250"}}
{"logTime": "0807/063637", "correlationVector":"oO6ziQH91d3Ni9wYKXHFTY.3","action":"GetUpdates Response", "result":"Success", "context":Received 250 update(s). cV=oO6ziQH91d3Ni9wYKXHFTY.0;server=akswtt100000046;cloudType=Consumer;environment=Prod_centralus_prod-s01-068-nam-centralus;migrationStage=NotStarted Some updates remain.}
{"logTime": "0807/063637", "correlationVector":"YRRFf7tyxR7Ch09LJ2nec7","action":"Initial GetUpdates", "result":"", "context":Reason: NEWLY_SUPPORTED_DATATYPE. cV=YRRFf7tyxR7Ch09LJ2nec7}
{"logTime": "0807/063638", "correlationVector":"YRRFf7tyxR7Ch09LJ2nec7.1","action":"SyncServerConnectionManagerRequest", "result":"SYNC_SERVER_OK", "context":{"environment":"Prod_centralus_prod-s01-068-nam-centralus", "migrationStage":"NotStarted", "server":"akswtt10000000t"}}
{"logTime": "0807/063638", "correlationVector":"YRRFf7tyxR7Ch09LJ2nec7.2","action":"ProcessGetUpdates", "result":"Done", "context":{"dataType":"History", "deleted":"0", "process_failed_to_decrypt":"0", "process_pending_decryption":"0", "process_success":"250", "total":"250"}}
{"logTime": "0807/063638", "correlationVector":"YRRFf7tyxR7Ch09LJ2nec7.3","action":"GetUpdates Response", "result":"Success", "context":Received 250 update(s). cV=YRRFf7tyxR7Ch09LJ2nec7.0;server=akswtt10000000t;cloudType=Consumer;environment=Prod_centralus_prod-s01-068-nam-centralus;migrationStage=NotStarted Some updates remain.}
{"logTime": "0807/063638", "correlationVector":"lIWNa1E5iqlea5LYoCGdOV","action":"Initial GetUpdates", "result":"", "context":Reason: NEWLY_SUPPORTED_DATATYPE. cV=lIWNa1E5iqlea5LYoCGdOV}
{"logTime": "0807/063639", "correlationVector":"lIWNa1E5iqlea5LYoCGdOV.1","action":"SyncServerConnectionManagerRequest", "result":"SYNC_SERVER_OK", "context":{"environment":"Prod_centralus_prod-s01-068-nam-centralus", "migrationStage":"NotStarted", "server":"akswtt10000002d"}}
{"logTime": "0807/063639", "correlationVector":"lIWNa1E5iqlea5LYoCGdOV.2","action":"ProcessGetUpdates", "result":"Done", "context":{"dataType":"History", "deleted":"0", "process_failed_to_decrypt":"0", "process_pending_decryption":"0", "process_success":"250", "total":"250"}}
{"logTime": "0807/063639", "correlationVector":"lIWNa1E5iqlea5LYoCGdOV.3","action":"GetUpdates Response", "result":"Success", "context":Received 250 update(s). cV=lIWNa1E5iqlea5LYoCGdOV.0;server=akswtt10000002d;cloudType=Consumer;environment=Prod_centralus_prod-s01-068-nam-centralus;migrationStage=NotStarted Some updates remain.}
{"logTime": "0807/063639", "correlationVector":"46vlQd1RgwToVKdtYk885a","action":"Initial GetUpdates", "result":"", "context":Reason: NEWLY_SUPPORTED_DATATYPE. cV=46vlQd1RgwToVKdtYk885a}
{"logTime": "0807/063639", "correlationVector":"46vlQd1RgwToVKdtYk885a.1","action":"SyncServerConnectionManagerRequest", "result":"SYNC_SERVER_OK", "context":{"environment":"Prod_centralus_prod-s01-068-nam-centralus", "migrationStage":"NotStarted", "server":"akswtt10000000u"}}
{"logTime": "0807/063639", "correlationVector":"46vlQd1RgwToVKdtYk885a.2","action":"ProcessGetUpdates", "result":"Done", "context":{"dataType":"History", "deleted":"0", "process_failed_to_decrypt":"0", "process_pending_decryption":"0", "process_success":"250", "total":"250"}}
{"logTime": "0807/063639", "correlationVector":"46vlQd1RgwToVKdtYk885a.3","action":"GetUpdates Response", "result":"Success", "context":Received 250 update(s). cV=46vlQd1RgwToVKdtYk885a.0;server=akswtt10000000u;cloudType=Consumer;environment=Prod_centralus_prod-s01-068-nam-centralus;migrationStage=NotStarted Some updates remain.}
{"logTime": "0807/063639", "correlationVector":"7+kcc0LUjtxXu6GOOtDs0f","action":"Initial GetUpdates", "result":"", "context":Reason: NEWLY_SUPPORTED_DATATYPE. cV=7+kcc0LUjtxXu6GOOtDs0f}
{"logTime": "0807/063639", "correlationVector":"7+kcc0LUjtxXu6GOOtDs0f.1","action":"SyncServerConnectionManagerRequest", "result":"SYNC_SERVER_OK", "context":{"environment":"Prod_centralus_prod-s01-068-nam-centralus", "migrationStage":"NotStarted", "server":"akswtt10000000g"}}
{"logTime": "0807/063639", "correlationVector":"7+kcc0LUjtxXu6GOOtDs0f.2","action":"ProcessGetUpdates", "result":"Done", "context":{"dataType":"History", "deleted":"0", "process_failed_to_decrypt":"0", "process_pending_decryption":"0", "process_success":"250", "total":"250"}}
{"logTime": "0807/063639", "correlationVector":"7+kcc0LUjtxXu6GOOtDs0f.3","action":"GetUpdates Response", "result":"Success", "context":Received 250 update(s). cV=7+kcc0LUjtxXu6GOOtDs0f.0;server=akswtt10000000g;cloudType=Consumer;environment=Prod_centralus_prod-s01-068-nam-centralus;migrationStage=NotStarted Some updates remain.}
{"logTime": "0807/063639", "correlationVector":"45lP2WQOGQcRJdXO7pd/md","action":"Initial GetUpdates", "result":"", "context":Reason: NEWLY_SUPPORTED_DATATYPE. cV=45lP2WQOGQcRJdXO7pd/md}
{"logTime": "0807/063639", "correlationVector":"45lP2WQOGQcRJdXO7pd/md.1","action":"SyncServerConnectionManagerRequest", "result":"SYNC_SERVER_OK", "context":{"environment":"Prod_centralus_prod-s01-068-nam-centralus", "migrationStage":"NotStarted", "server":"akswtt100000001"}}
{"logTime": "0807/063639", "correlationVector":"45lP2WQOGQcRJdXO7pd/md.2","action":"ProcessGetUpdates", "result":"Done", "context":{"dataType":"History", "deleted":"0", "process_failed_to_decrypt":"0", "process_pending_decryption":"0", "process_success":"142", "total":"142"}}
{"logTime": "0807/063639", "correlationVector":"45lP2WQOGQcRJdXO7pd/md.3","action":"GetUpdates Response", "result":"Success", "context":Received 142 update(s). cV=45lP2WQOGQcRJdXO7pd/md.0;server=akswtt100000001;cloudType=Consumer;environment=Prod_centralus_prod-s01-068-nam-centralus;migrationStage=NotStarted}
{"logTime": "0807/063640", "correlationVector":"qQnc/C3hIysrN1QXJSBUGr","action":"Normal GetUpdate request", "result":"", "context":cV=qQnc/C3hIysrN1QXJSBUGr
Nudged types: Sessions, Device Info, User Consents
Refresh requested types: Bookmarks, Preferences, Passwords, Autofill Profiles, Autofill, Extensions, Sessions, Extension settings, History Delete Directives, Device Info, User Consents, Send Tab To Self, Web Apps, History, Saved Tab Group, WebAuthn Credentials, Collection, Edge E Drop, Edge Hub App Usage, Edge Wallet, Encryption Keys}
{"logTime": "0807/063640", "correlationVector":"qQnc/C3hIysrN1QXJSBUGr.1","action":"SyncServerConnectionManagerRequest", "result":"SYNC_SERVER_OK", "context":{"environment":"Prod_centralus_prod-s01-068-nam-centralus", "migrationStage":"NotStarted", "server":"akswtt10000004i"}}
{"logTime": "0807/063640", "correlationVector":"qQnc/C3hIysrN1QXJSBUGr.2","action":"GetUpdates Response", "result":"Success", "context":Received 0 update(s). cV=qQnc/C3hIysrN1QXJSBUGr.0;server=akswtt10000004i;cloudType=Consumer;environment=Prod_centralus_prod-s01-068-nam-centralus;migrationStage=NotStarted}
{"logTime": "0807/063640", "correlationVector":"kspFvqHKUrdu2REuhsHEJV","action":"DoCompareDataConsistency requsted types: ", "result":"Bookmarks, Preferences, Passwords, Extensions, Extension settings, History Delete Directives, Send Tab To Self, Web Apps, History, Saved Tab Group, WebAuthn Credentials, Collection, Edge E Drop, Edge Wallet, Encryption Keys"}
{"logTime": "0807/063640", "correlationVector":"kspFvqHKUrdu2REuhsHEJV.0","action":"CompareDataConsistency result: ", "result":"Compare result: Encryption Keys is consistent. local entities count is: 1 local entities hash is: 8IkQBI8EzMr1rKaIgLowgFSOnHg="}
{"logTime": "0807/063640", "correlationVector":"kspFvqHKUrdu2REuhsHEJV.1","action":"CompareDataConsistency result: ", "result":"Compare result: Bookmarks is consistent. local entities count is: 9 local entities hash is: IFwXgbjpnLNdF6f6sxUsf1QEbXA="}
{"logTime": "0807/063640", "correlationVector":"kspFvqHKUrdu2REuhsHEJV.2","action":"CompareDataConsistency result: ", "result":"Compare result: Preferences is consistent. local entities count is: 86 local entities hash is: 1fq5FE6j2ALrwfjAcLcKbuBKmQY="}
{"logTime": "0807/063640", "correlationVector":"kspFvqHKUrdu2REuhsHEJV.3","action":"CompareDataConsistency result: ", "result":"Compare result: Extensions is consistent. local entities count is: 4 local entities hash is: hB5Ce2hinFF0zM+qg+xAHcUvTfI="}
{"logTime": "0807/063640", "correlationVector":"kspFvqHKUrdu2REuhsHEJV.4","action":"CompareDataConsistency result: ", "result":"Compare result: Extension settings is consistent. local entities count is: 0 local entities hash is: "}
{"logTime": "0807/063640", "correlationVector":"kspFvqHKUrdu2REuhsHEJV.5","action":"CompareDataConsistency result: ", "result":"Compare result: History Delete Directives is consistent. local entities count is: 0 local entities hash is: "}
{"logTime": "0807/063640", "correlationVector":"kspFvqHKUrdu2REuhsHEJV.6","action":"CompareDataConsistency result: ", "result":"Server did not send this Send Tab To Self local entities count is: 0 local entities hash is: "}
{"logTime": "0807/063640", "correlationVector":"kspFvqHKUrdu2REuhsHEJV.7","action":"CompareDataConsistency result: ", "result":"Compare result: Web Apps is consistent. local entities count is: 1 local entities hash is: uh+21Bg3obuk5rRC2mnedUcs7a4="}
{"logTime": "0807/063640", "correlationVector":"kspFvqHKUrdu2REuhsHEJV.8","action":"CompareDataConsistency result: ", "result":"Server did not send this History local entities count is: 0 local entities hash is: "}
{"logTime": "0807/063640", "correlationVector":"kspFvqHKUrdu2REuhsHEJV.9","action":"CompareDataConsistency result: ", "result":"Compare result: Saved Tab Group is consistent. local entities count is: 0 local entities hash is: "}
{"logTime": "0807/063640", "correlationVector":"kspFvqHKUrdu2REuhsHEJV.10","action":"CompareDataConsistency result: ", "result":"Server did not send this WebAuthn Credentials local entities count is: 0 local entities hash is: "}
{"logTime": "0807/063640", "correlationVector":"kspFvqHKUrdu2REuhsHEJV.11","action":"CompareDataConsistency result: ", "result":"Compare result: Collection is consistent. local entities count is: 0 local entities hash is: "}
{"logTime": "0807/063640", "correlationVector":"kspFvqHKUrdu2REuhsHEJV.12","action":"CompareDataConsistency result: ", "result":"Compare result: Edge E Drop is consistent. local entities count is: 0 local entities hash is: "}
{"logTime": "0807/063640", "correlationVector":"kspFvqHKUrdu2REuhsHEJV.13","action":"CompareDataConsistency result: ", "result":"Compare result: Edge Wallet is consistent. local entities count is: 0 local entities hash is: "}
{"logTime": "0807/063640", "correlationVector":"kspFvqHKUrdu2REuhsHEJV.14","action":"CompareDataConsistency result: ", "result":"Compare result: Passwords is consistent. local entities count is: 148 local entities hash is: UL2epwGxmlPKaLEkLO2EMvIMOyM="}
{"logTime": "0807/063640", "correlationVector":"0bKT2tqI1JIJ5qJH1oTesR","action":"Commit Request", "result":"", "context":Item count: 5
Contributing types: Sessions, Device Info, User Consents}
{"logTime": "0807/063641", "correlationVector":"0bKT2tqI1JIJ5qJH1oTesR.1","action":"SyncServerConnectionManagerRequest", "result":"SYNC_SERVER_OK", "context":{"environment":"Prod_centralus_prod-s01-068-nam-centralus", "migrationStage":"NotStarted", "server":"akswtt10000000u"}}
{"logTime": "0807/063641", "correlationVector":"0bKT2tqI1JIJ5qJH1oTesR.2","action":"Commit Response", "result":"Success", "context":Result: Success. cV=0bKT2tqI1JIJ5qJH1oTesR.0;server=akswtt10000000u;cloudType=Consumer;environment=Prod_centralus_prod-s01-068-nam-centralus;migrationStage=NotStarted}
{"logTime": "0807/063641", "correlationVector":"","action":"DIAGNOSTIC_REQUEST|v1/diagnosticData/Diagnostic.SendCheckResult()|SUCCESS", "result":""}
{"logTime": "0807/063656", "correlationVector":"+OjBEHsxvxow/ZEXnT7FOk","action":"Commit Request", "result":"", "context":Item count: 1
Contributing types: Preferences}
{"logTime": "0807/063656", "correlationVector":"+OjBEHsxvxow/ZEXnT7FOk.1","action":"SyncServerConnectionManagerRequest", "result":"SYNC_SERVER_OK", "context":{"environment":"Prod_centralus_prod-s01-068-nam-centralus", "migrationStage":"NotStarted", "server":"akswtt10000000u"}}
{"logTime": "0807/063656", "correlationVector":"+OjBEHsxvxow/ZEXnT7FOk.2","action":"Commit Response", "result":"Success", "context":Result: Success. cV=+OjBEHsxvxow/ZEXnT7FOk.0;server=akswtt10000000u;cloudType=Consumer;environment=Prod_centralus_prod-s01-068-nam-centralus;migrationStage=NotStarted}
{"logTime": "0807/063725", "correlationVector":"1f4yOljlDsmkTi99bDb0rh","action":"Commit Request", "result":"", "context":Item count: 40
Contributing types: Passwords}
{"logTime": "0807/063727", "correlationVector":"1f4yOljlDsmkTi99bDb0rh.1","action":"SyncServerConnectionManagerRequest", "result":"SYNC_SERVER_OK", "context":{"environment":"Prod_centralus_prod-s01-068-nam-centralus", "migrationStage":"NotStarted", "server":"akswtt10000000t"}}
{"logTime": "0807/063727", "correlationVector":"1f4yOljlDsmkTi99bDb0rh.2","action":"Commit Response", "result":"Success", "context":Result: Success. cV=1f4yOljlDsmkTi99bDb0rh.0;server=akswtt10000000t;cloudType=Consumer;environment=Prod_centralus_prod-s01-068-nam-centralus;migrationStage=NotStarted}
{"logTime": "0807/063727", "correlationVector":"ISv2uYZ2LnHA89l8ccj2ui","action":"Commit Request", "result":"", "context":Item count: 40
Contributing types: Passwords}
{"logTime": "0807/063729", "correlationVector":"ISv2uYZ2LnHA89l8ccj2ui.1","action":"SyncServerConnectionManagerRequest", "result":"SYNC_SERVER_OK", "context":{"environment":"Prod_centralus_prod-s01-068-nam-centralus", "migrationStage":"NotStarted", "server":"akswtt100000053"}}
{"logTime": "0807/063729", "correlationVector":"ISv2uYZ2LnHA89l8ccj2ui.2","action":"Commit Response", "result":"Success", "context":Result: Success. cV=ISv2uYZ2LnHA89l8ccj2ui.0;server=akswtt100000053;cloudType=Consumer;environment=Prod_centralus_prod-s01-068-nam-centralus;migrationStage=NotStarted}
{"logTime": "0807/063729", "correlationVector":"5deONd7XOYj7KP/iC4OzAk","action":"Commit Request", "result":"", "context":Item count: 38
Contributing types: Passwords}
{"logTime": "0807/063730", "correlationVector":"5deONd7XOYj7KP/iC4OzAk.1","action":"SyncServerConnectionManagerRequest", "result":"SYNC_SERVER_OK", "context":{"environment":"Prod_centralus_prod-s01-068-nam-centralus", "migrationStage":"NotStarted", "server":"akswtt10000000g"}}
{"logTime": "0807/063730", "correlationVector":"5deONd7XOYj7KP/iC4OzAk.2","action":"Commit Response", "result":"Success", "context":Result: Success. cV=5deONd7XOYj7KP/iC4OzAk.0;server=akswtt10000000g;cloudType=Consumer;environment=Prod_centralus_prod-s01-068-nam-centralus;migrationStage=NotStarted}
{"logTime": "0807/065958", "correlationVector":"hr8A34rbRj0hanJs+ry1te","action":"Commit Request", "result":"", "context":Item count: 1
Contributing types: Sessions}
{"logTime": "0807/065958", "correlationVector":"hr8A34rbRj0hanJs+ry1te.1","action":"SyncServerConnectionManagerRequest", "result":"SYNC_SERVER_OK", "context":{"environment":"Prod_centralus_prod-s01-068-nam-centralus", "migrationStage":"NotStarted", "server":"akswtt100000015"}}
{"logTime": "0807/065958", "correlationVector":"hr8A34rbRj0hanJs+ry1te.2","action":"Commit Response", "result":"Success", "context":Result: Success. cV=hr8A34rbRj0hanJs+ry1te.0;server=akswtt100000015;cloudType=Consumer;environment=Prod_centralus_prod-s01-068-nam-centralus;migrationStage=NotStarted}
{"logTime": "0807/070532", "correlationVector":"D2Da+UwgWjdQj4o0Ra47wm","action":"Normal GetUpdate request", "result":"", "context":cV=D2Da+UwgWjdQj4o0Ra47wm
Notified types: Device Info}
{"logTime": "0807/070532", "correlationVector":"D2Da+UwgWjdQj4o0Ra47wm.1","action":"SyncServerConnectionManagerRequest", "result":"SYNC_SERVER_OK", "context":{"environment":"Prod_centralus_prod-s01-068-nam-centralus", "migrationStage":"NotStarted", "server":"akswtt100000010"}}
{"logTime": "0807/070532", "correlationVector":"D2Da+UwgWjdQj4o0Ra47wm.2","action":"ProcessGetUpdates", "result":"Done", "context":{"dataType":"Preferences", "deleted":"0", "process_failed_to_decrypt":"0", "process_pending_decryption":"0", "process_success":"1", "total":"1"}}
{"logTime": "0807/070532", "correlationVector":"D2Da+UwgWjdQj4o0Ra47wm.3","action":"ProcessGetUpdates", "result":"Done", "context":{"dataType":"Passwords", "deleted":"0", "process_failed_to_decrypt":"0", "process_pending_decryption":"0", "process_success":"118", "total":"118"}}
{"logTime": "0807/070532", "correlationVector":"D2Da+UwgWjdQj4o0Ra47wm.4","action":"ProcessGetUpdates", "result":"Done", "context":{"dataType":"Sessions", "deleted":"0", "process_failed_to_decrypt":"0", "process_pending_decryption":"0", "process_success":"4", "total":"4"}}
{"logTime": "0807/070532", "correlationVector":"D2Da+UwgWjdQj4o0Ra47wm.5","action":"ProcessGetUpdates", "result":"Done", "context":{"dataType":"Device Info", "deleted":"0", "process_failed_to_decrypt":"0", "process_pending_decryption":"0", "process_success":"2", "total":"2"}}
{"logTime": "0807/070532", "correlationVector":"D2Da+UwgWjdQj4o0Ra47wm.6","action":"GetUpdates Response", "result":"Success", "context":Received 125 update(s). cV=D2Da+UwgWjdQj4o0Ra47wm.0;server=akswtt100000010;cloudType=Consumer;environment=Prod_centralus_prod-s01-068-nam-centralus;migrationStage=NotStarted}
{"logTime": "0807/070554", "correlationVector":"qp2Az80ehzUH//WWZ+4SAx","action":"Normal GetUpdate request", "result":"", "context":cV=qp2Az80ehzUH//WWZ+4SAx
Notified types: Device Info, History}
{"logTime": "0807/070554", "correlationVector":"qp2Az80ehzUH//WWZ+4SAx.1","action":"SyncServerConnectionManagerRequest", "result":"SYNC_SERVER_OK", "context":{"environment":"Prod_centralus_prod-s01-068-nam-centralus", "migrationStage":"NotStarted", "server":"akswtt10000000g"}}
{"logTime": "0807/070554", "correlationVector":"qp2Az80ehzUH//WWZ+4SAx.2","action":"ProcessGetUpdates", "result":"Done", "context":{"dataType":"Device Info", "deleted":"0", "process_failed_to_decrypt":"0", "process_pending_decryption":"0", "process_success":"1", "total":"1"}}
{"logTime": "0807/070554", "correlationVector":"qp2Az80ehzUH//WWZ+4SAx.3","action":"ProcessGetUpdates", "result":"Done", "context":{"dataType":"History", "deleted":"0", "process_failed_to_decrypt":"0", "process_pending_decryption":"0", "process_success":"3", "total":"3"}}
{"logTime": "0807/070554", "correlationVector":"qp2Az80ehzUH//WWZ+4SAx.4","action":"GetUpdates Response", "result":"Success", "context":Received 4 update(s). cV=qp2Az80ehzUH//WWZ+4SAx.0;server=akswtt10000000g;cloudType=Consumer;environment=Prod_centralus_prod-s01-068-nam-centralus;migrationStage=NotStarted}
{"logTime": "0807/070557", "correlationVector":"CSyCe544EfokslfnhfHdjD","action":"Normal GetUpdate request", "result":"", "context":cV=CSyCe544EfokslfnhfHdjD
Notified types: Preferences, History}
{"logTime": "0807/070557", "correlationVector":"CSyCe544EfokslfnhfHdjD.1","action":"SyncServerConnectionManagerRequest", "result":"SYNC_SERVER_OK", "context":{"environment":"Prod_centralus_prod-s01-068-nam-centralus", "migrationStage":"NotStarted", "server":"akswtt100000011"}}
{"logTime": "0807/070557", "correlationVector":"CSyCe544EfokslfnhfHdjD.2","action":"ProcessGetUpdates", "result":"Done", "context":{"dataType":"Preferences", "deleted":"0", "process_failed_to_decrypt":"0", "process_pending_decryption":"0", "process_success":"1", "total":"1"}}
{"logTime": "0807/070557", "correlationVector":"CSyCe544EfokslfnhfHdjD.3","action":"ProcessGetUpdates", "result":"Done", "context":{"dataType":"Sessions", "deleted":"0", "process_failed_to_decrypt":"0", "process_pending_decryption":"0", "process_success":"1", "total":"1"}}
{"logTime": "0807/070557", "correlationVector":"CSyCe544EfokslfnhfHdjD.4","action":"ProcessGetUpdates", "result":"Done", "context":{"dataType":"History", "deleted":"0", "process_failed_to_decrypt":"0", "process_pending_decryption":"0", "process_success":"2", "total":"2"}}
{"logTime": "0807/070557", "correlationVector":"CSyCe544EfokslfnhfHdjD.5","action":"GetUpdates Response", "result":"Success", "context":Received 4 update(s). cV=CSyCe544EfokslfnhfHdjD.0;server=akswtt100000011;cloudType=Consumer;environment=Prod_centralus_prod-s01-068-nam-centralus;migrationStage=NotStarted}
{"logTime": "0807/070601", "correlationVector":"zzVhG1Vkvm7HlJ8RJerbu/","action":"Normal GetUpdate request", "result":"", "context":cV=zzVhG1Vkvm7HlJ8RJerbu/
Notified types: Preferences}
{"logTime": "0807/070602", "correlationVector":"zzVhG1Vkvm7HlJ8RJerbu/.1","action":"SyncServerConnectionManagerRequest", "result":"SYNC_SERVER_OK", "context":{"environment":"Prod_centralus_prod-s01-068-nam-centralus", "migrationStage":"NotStarted", "server":"akswtt10000000g"}}
{"logTime": "0807/070602", "correlationVector":"zzVhG1Vkvm7HlJ8RJerbu/.2","action":"ProcessGetUpdates", "result":"Done", "context":{"dataType":"Preferences", "deleted":"0", "process_failed_to_decrypt":"0", "process_pending_decryption":"0", "process_success":"1", "total":"1"}}
{"logTime": "0807/070602", "correlationVector":"zzVhG1Vkvm7HlJ8RJerbu/.3","action":"GetUpdates Response", "result":"Success", "context":Received 1 update(s). cV=zzVhG1Vkvm7HlJ8RJerbu/.0;server=akswtt10000000g;cloudType=Consumer;environment=Prod_centralus_prod-s01-068-nam-centralus;migrationStage=NotStarted}
{"logTime": "0807/070651", "correlationVector":"Ca5SFMAEUXtMs4etYCFiLE","action":"Normal GetUpdate request", "result":"", "context":cV=Ca5SFMAEUXtMs4etYCFiLE
Notified types: Device Info}
{"logTime": "0807/070651", "correlationVector":"Ca5SFMAEUXtMs4etYCFiLE.1","action":"SyncServerConnectionManagerRequest", "result":"SYNC_SERVER_OK", "context":{"environment":"Prod_centralus_prod-s01-068-nam-centralus", "migrationStage":"NotStarted", "server":"akswtt100000008"}}
{"logTime": "0807/070651", "correlationVector":"Ca5SFMAEUXtMs4etYCFiLE.2","action":"ProcessGetUpdates", "result":"Done", "context":{"dataType":"Device Info", "deleted":"0", "process_failed_to_decrypt":"0", "process_pending_decryption":"0", "process_success":"1", "total":"1"}}
{"logTime": "0807/070651", "correlationVector":"Ca5SFMAEUXtMs4etYCFiLE.3","action":"GetUpdates Response", "result":"Success", "context":Received 1 update(s). cV=Ca5SFMAEUXtMs4etYCFiLE.0;server=akswtt100000008;cloudType=Consumer;environment=Prod_centralus_prod-s01-068-nam-centralus;migrationStage=NotStarted}
{"logTime": "0807/072903", "correlationVector":"XxMAJLV4yCwNePPEwcZn9H","action":"Commit Request", "result":"", "context":Item count: 1
Contributing types: Sessions}
{"logTime": "0807/072903", "correlationVector":"XxMAJLV4yCwNePPEwcZn9H.1","action":"SyncServerConnectionManagerRequest", "result":"SYNC_SERVER_OK", "context":{"environment":"Prod_centralus_prod-s01-068-nam-centralus", "migrationStage":"NotStarted", "server":"akswtt10000002q"}}
{"logTime": "0807/072903", "correlationVector":"XxMAJLV4yCwNePPEwcZn9H.2","action":"Commit Response", "result":"Success", "context":Result: Success. cV=XxMAJLV4yCwNePPEwcZn9H.0;server=akswtt10000002q;cloudType=Consumer;environment=Prod_centralus_prod-s01-068-nam-centralus;migrationStage=NotStarted}
